<?xml version="1.0" encoding="UTF-8"?>
<testsuite xmlns:xsi="http://www.w3.org/2001/XMLSchema-instance" xsi:noNamespaceSchemaLocation="https://maven.apache.org/surefire/maven-surefire-plugin/xsd/surefire-test-report.xsd" name="TestDataframe" time="0.334" tests="68" errors="0" skipped="0" failures="0">
  <properties>
    <property name="java.specification.version" value="15"/>
    <property name="sun.cpu.isalist" value="amd64"/>
    <property name="sun.jnu.encoding" value="Cp1252"/>
    <property name="java.class.path" value="D:\Desktop\UGA\Master Info - GI\M1\S8\devops\projet-devops\target\test-classes;D:\Desktop\UGA\Master Info - GI\M1\S8\devops\projet-devops\target\classes;C:\Users\Loris\.m2\repository\junit\junit\4.13\junit-4.13.jar;C:\Users\Loris\.m2\repository\org\hamcrest\hamcrest-core\1.3\hamcrest-core-1.3.jar;"/>
    <property name="java.vm.vendor" value="Oracle Corporation"/>
    <property name="sun.arch.data.model" value="64"/>
    <property name="user.variant" value=""/>
    <property name="java.vendor.url" value="https://java.oracle.com/"/>
    <property name="user.timezone" value="Europe/Paris"/>
    <property name="os.name" value="Windows 10"/>
    <property name="java.vm.specification.version" value="15"/>
    <property name="sun.java.launcher" value="SUN_STANDARD"/>
    <property name="user.country" value="FR"/>
    <property name="sun.boot.library.path" value="C:\Users\Loris\.p2\pool\plugins\org.eclipse.justj.openjdk.hotspot.jre.full.win32.x86_64_15.0.2.v20210201-0955\jre\bin"/>
    <property name="sun.java.command" value="C:\Users\Loris\AppData\Local\Temp\surefire2928231949634578801\surefirebooter4678462851765403137.jar C:\Users\Loris\AppData\Local\Temp\surefire2928231949634578801 2021-04-28T18-31-23_512-jvmRun1 surefire13048398635250374812tmp surefire_013319104421253519542tmp"/>
    <property name="jdk.debug" value="release"/>
    <property name="surefire.test.class.path" value="D:\Desktop\UGA\Master Info - GI\M1\S8\devops\projet-devops\target\test-classes;D:\Desktop\UGA\Master Info - GI\M1\S8\devops\projet-devops\target\classes;C:\Users\Loris\.m2\repository\junit\junit\4.13\junit-4.13.jar;C:\Users\Loris\.m2\repository\org\hamcrest\hamcrest-core\1.3\hamcrest-core-1.3.jar;"/>
    <property name="sun.cpu.endian" value="little"/>
    <property name="user.home" value="C:\Users\Loris"/>
    <property name="user.language" value="fr"/>
    <property name="java.specification.vendor" value="Oracle Corporation"/>
    <property name="java.version.date" value="2021-01-19"/>
    <property name="java.home" value="C:\Users\Loris\.p2\pool\plugins\org.eclipse.justj.openjdk.hotspot.jre.full.win32.x86_64_15.0.2.v20210201-0955\jre"/>
    <property name="file.separator" value="\"/>
    <property name="basedir" value="D:\Desktop\UGA\Master Info - GI\M1\S8\devops\projet-devops"/>
    <property name="java.vm.compressedOopsMode" value="Zero based"/>
    <property name="line.separator" value="&#10;"/>
    <property name="java.vm.specification.vendor" value="Oracle Corporation"/>
    <property name="java.specification.name" value="Java Platform API Specification"/>
    <property name="surefire.real.class.path" value="C:\Users\Loris\AppData\Local\Temp\surefire2928231949634578801\surefirebooter4678462851765403137.jar"/>
    <property name="user.script" value=""/>
    <property name="sun.management.compiler" value="HotSpot 64-Bit Tiered Compilers"/>
    <property name="java.runtime.version" value="15.0.2+7-27"/>
    <property name="user.name" value="Loris"/>
    <property name="path.separator" value=";"/>
    <property name="os.version" value="10.0"/>
    <property name="java.runtime.name" value="OpenJDK Runtime Environment"/>
    <property name="file.encoding" value="Cp1252"/>
    <property name="java.vm.name" value="OpenJDK 64-Bit Server VM"/>
    <property name="localRepository" value="C:\Users\Loris\.m2\repository"/>
    <property name="java.vendor.url.bug" value="https://bugreport.java.com/bugreport/"/>
    <property name="java.io.tmpdir" value="C:\Users\Loris\AppData\Local\Temp\"/>
    <property name="java.version" value="15.0.2"/>
    <property name="user.dir" value="D:\Desktop\UGA\Master Info - GI\M1\S8\devops\projet-devops"/>
    <property name="os.arch" value="amd64"/>
    <property name="java.vm.specification.name" value="Java Virtual Machine Specification"/>
    <property name="sun.os.patch.level" value=""/>
    <property name="java.library.path" value="C:\Users\Loris\.p2\pool\plugins\org.eclipse.justj.openjdk.hotspot.jre.full.win32.x86_64_15.0.2.v20210201-0955\jre\bin;C:\WINDOWS\Sun\Java\bin;C:\WINDOWS\system32;C:\WINDOWS;C:/Users/Loris/.p2/pool/plugins/org.eclipse.justj.openjdk.hotspot.jre.full.win32.x86_64_15.0.2.v20210201-0955/jre/bin/server;C:/Users/Loris/.p2/pool/plugins/org.eclipse.justj.openjdk.hotspot.jre.full.win32.x86_64_15.0.2.v20210201-0955/jre/bin;C:\Program Files (x86)\Razer Chroma SDK\bin;C:\Program Files\Razer Chroma SDK\bin;C:\Program Files (x86)\Common Files\Oracle\Java\javapath;C:\Program Files (x86)\Razer\ChromaBroadcast\bin;C:\Program Files\Razer\ChromaBroadcast\bin;C:\WINDOWS\system32;C:\WINDOWS;C:\WINDOWS\System32\Wbem;C:\WINDOWS\System32\WindowsPowerShell\v1.0\;C:\WINDOWS\System32\OpenSSH\;C:\Users\Loris\AppData\Local\Microsoft\WindowsApps;C:\WINDOWS\system32\config\systemprofile\AppData\Local\Microsoft\WindowsApps;C:\Program Files\NVIDIA Corporation\NVIDIA NvDLISR;C:\Program Files (x86)\NVIDIA Corporation\PhysX\Common;C:\Program Files\Docker\Docker\resources\bin;C:\ProgramData\DockerDesktop\version-bin;C:\Users\Loris\AppData\Local\Programs\Python\Python39\Scripts\;C:\Users\Loris\AppData\Local\Programs\Python\Python39\;C:\Users\Loris\AppData\Local\Microsoft\WindowsApps;C:\Users\Loris\AppData\Local\Programs\Microsoft VS Code\bin;C:\Users\Loris\AppData\Local\GitHubDesktop\bin;C:\WINDOWS\system32;;."/>
    <property name="java.vm.info" value="mixed mode"/>
    <property name="java.vendor" value="Oracle Corporation"/>
    <property name="java.vm.version" value="15.0.2+7-27"/>
    <property name="sun.io.unicode.encoding" value="UnicodeLittle"/>
    <property name="java.class.version" value="59.0"/>
  </properties>
  <testcase name="testSelectionColonneNomInconnu" classname="TestDataframe" time="0.005"/>
  <testcase name="testgetMinEachCol" classname="TestDataframe" time="0"/>
  <testcase name="testSelectionElementsLigneNegatif" classname="TestDataframe" time="0"/>
  <testcase name="testprintDataframeFirstLines" classname="TestDataframe" time="0.009"/>
  <testcase name="testMaxEachCol" classname="TestDataframe" time="0"/>
  <testcase name="testSelectionElementColonneTropGrand" classname="TestDataframe" time="0.001"/>
  <testcase name="testSelectionIndexNegatif" classname="TestDataframe" time="0"/>
  <testcase name="testMaxEachColVide" classname="TestDataframe" time="0"/>
  <testcase name="testSelectionLignesListeVide" classname="TestDataframe" time="0"/>
  <testcase name="testAjout" classname="TestDataframe" time="0.001"/>
  <testcase name="testIsInt" classname="TestDataframe" time="0"/>
  <testcase name="testSdAll" classname="TestDataframe" time="0"/>
  <testcase name="testSdCol" classname="TestDataframe" time="0"/>
  <testcase name="testToTab" classname="TestDataframe" time="0.01"/>
  <testcase name="testSelectionMasqueTailleDifferente" classname="TestDataframe" time="0"/>
  <testcase name="testAjoutTropGrand" classname="TestDataframe" time="0.091"/>
  <testcase name="testAjoutTropLarge" classname="TestDataframe" time="0.162"/>
  <testcase name="testSelection" classname="TestDataframe" time="0"/>
  <testcase name="testSelectionElementLigneNegatif" classname="TestDataframe" time="0"/>
  <testcase name="testSelectionLignesListeNulle" classname="TestDataframe" time="0"/>
  <testcase name="testMeanEachColVide" classname="TestDataframe" time="0"/>
  <testcase name="testMinEachColVide" classname="TestDataframe" time="0"/>
  <testcase name="testGetName" classname="TestDataframe" time="0"/>
  <testcase name="testSelectionElementColonneNegatif" classname="TestDataframe" time="0"/>
  <testcase name="testMinColZero" classname="TestDataframe" time="0.001"/>
  <testcase name="testMeanColNeg" classname="TestDataframe" time="0"/>
  <testcase name="testMaxColNeg" classname="TestDataframe" time="0"/>
  <testcase name="testgetMaxSizeSeries" classname="TestDataframe" time="0"/>
  <testcase name="testSelectionElementsColonneNegatif" classname="TestDataframe" time="0"/>
  <testcase name="testSdColZero" classname="TestDataframe" time="0"/>
  <testcase name="testSdColNeg" classname="TestDataframe" time="0"/>
  <testcase name="testSelectionIndexTropGrand" classname="TestDataframe" time="0.001"/>
  <testcase name="testSelectionColonnes" classname="TestDataframe" time="0"/>
  <testcase name="testIsDouble" classname="TestDataframe" time="0"/>
  <testcase name="testSelectionElementLigneTropGrand" classname="TestDataframe" time="0"/>
  <testcase name="testMeanColZero" classname="TestDataframe" time="0"/>
  <testcase name="testSelectionElementsLigneTropGrand" classname="TestDataframe" time="0"/>
  <testcase name="testDataframe" classname="TestDataframe" time="0.001"/>
  <testcase name="testSelectionElementsColonneNull" classname="TestDataframe" time="0"/>
  <testcase name="testSelectionElementsColonneVide" classname="TestDataframe" time="0"/>
  <testcase name="testMinColNeg" classname="TestDataframe" time="0"/>
  <testcase name="testSelectionColonne" classname="TestDataframe" time="0"/>
  <testcase name="testMeanAll" classname="TestDataframe" time="0"/>
  <testcase name="testMeanCol" classname="TestDataframe" time="0"/>
  <testcase name="testSelectionElements" classname="TestDataframe" time="0"/>
  <testcase name="testprintDataframe" classname="TestDataframe" time="0.001"/>
  <testcase name="testSelectionElementsColonneTropGrand" classname="TestDataframe" time="0"/>
  <testcase name="testSelectionLignesIndexNegatif" classname="TestDataframe" time="0"/>
  <testcase name="testSelectionLignesIndexTropGrand" classname="TestDataframe" time="0"/>
  <testcase name="testSelectionElementsLigneNull" classname="TestDataframe" time="0"/>
  <testcase name="testSelectionElementsLigneVide" classname="TestDataframe" time="0"/>
  <testcase name="testSelectionMasqueNull" classname="TestDataframe" time="0"/>
  <testcase name="testSelectionMasqueVide" classname="TestDataframe" time="0"/>
  <testcase name="testgetSdEachCol" classname="TestDataframe" time="0"/>
  <testcase name="testMaxColZero" classname="TestDataframe" time="0"/>
  <testcase name="testSelectionColonnesNomInconnu" classname="TestDataframe" time="0"/>
  <testcase name="testSelectionColonnesListNull" classname="TestDataframe" time="0"/>
  <testcase name="testSelectionColonnesListVide" classname="TestDataframe" time="0"/>
  <testcase name="testMaxAll" classname="TestDataframe" time="0"/>
  <testcase name="testMaxCol" classname="TestDataframe" time="0"/>
  <testcase name="testMinAll" classname="TestDataframe" time="0"/>
  <testcase name="testMinCol" classname="TestDataframe" time="0"/>
  <testcase name="testMeanEachCol" classname="TestDataframe" time="0"/>
  <testcase name="testprintDataframeLastLines" classname="TestDataframe" time="0"/>
  <testcase name="testSdEachColVide" classname="TestDataframe" time="0"/>
  <testcase name="testSelectionLignes" classname="TestDataframe" time="0"/>
  <testcase name="testSelectionMasque" classname="TestDataframe" time="0"/>
  <testcase name="testSelectionElement" classname="TestDataframe" time="0"/>
</testsuite>