<?xml version="1.0" encoding="UTF-8" ?>
<testsuite tests="70" failures="0" name="TestDataframe" time="0.302" errors="0" skipped="0">
  <properties>
    <property name="java.runtime.name" value="OpenJDK Runtime Environment"/>
    <property name="java.vm.version" value="15.0.2+7-27"/>
    <property name="sun.boot.library.path" value="C:\Users\Loris\.p2\pool\plugins\org.eclipse.justj.openjdk.hotspot.jre.full.win32.x86_64_15.0.2.v20210201-0955\jre\bin"/>
    <property name="maven.multiModuleProjectDirectory" value="D:\Desktop\UGA\Master Info - GI\M1\S8\devops\projet-devops"/>
    <property name="java.vm.vendor" value="Oracle Corporation"/>
    <property name="java.vendor.url" value="https://java.oracle.com/"/>
    <property name="guice.disable.misplaced.annotation.check" value="true"/>
    <property name="path.separator" value=";"/>
    <property name="java.vm.name" value="OpenJDK 64-Bit Server VM"/>
    <property name="sun.os.patch.level" value=""/>
    <property name="user.script" value=""/>
    <property name="user.country" value="FR"/>
    <property name="sun.java.launcher" value="SUN_STANDARD"/>
    <property name="java.vm.specification.name" value="Java Virtual Machine Specification"/>
    <property name="user.dir" value="D:\Desktop\UGA\Master Info - GI\M1\S8\devops\projet-devops"/>
    <property name="java.vm.compressedOopsMode" value="Zero based"/>
    <property name="java.runtime.version" value="15.0.2+7-27"/>
    <property name="os.arch" value="amd64"/>
    <property name="java.io.tmpdir" value="C:\Users\Loris\AppData\Local\Temp\"/>
    <property name="line.separator" value="
"/>
    <property name="java.vm.specification.vendor" value="Oracle Corporation"/>
    <property name="user.variant" value=""/>
    <property name="os.name" value="Windows 10"/>
    <property name="classworlds.conf" value="C:\Users\Loris\eclipse-workspace\.metadata\.plugins\org.eclipse.m2e.launching\launches\m2conf6829836406721621792.tmp"/>
    <property name="sun.jnu.encoding" value="Cp1252"/>
    <property name="java.library.path" value="C:\Users\Loris\.p2\pool\plugins\org.eclipse.justj.openjdk.hotspot.jre.full.win32.x86_64_15.0.2.v20210201-0955\jre\bin;C:\WINDOWS\Sun\Java\bin;C:\WINDOWS\system32;C:\WINDOWS;C:/Users/Loris/.p2/pool/plugins/org.eclipse.justj.openjdk.hotspot.jre.full.win32.x86_64_15.0.2.v20210201-0955/jre/bin/server;C:/Users/Loris/.p2/pool/plugins/org.eclipse.justj.openjdk.hotspot.jre.full.win32.x86_64_15.0.2.v20210201-0955/jre/bin;C:\Program Files (x86)\Razer Chroma SDK\bin;C:\Program Files\Razer Chroma SDK\bin;C:\Program Files (x86)\Common Files\Oracle\Java\javapath;C:\Program Files (x86)\Razer\ChromaBroadcast\bin;C:\Program Files\Razer\ChromaBroadcast\bin;C:\WINDOWS\system32;C:\WINDOWS;C:\WINDOWS\System32\Wbem;C:\WINDOWS\System32\WindowsPowerShell\v1.0\;C:\WINDOWS\System32\OpenSSH\;C:\Users\Loris\AppData\Local\Microsoft\WindowsApps;C:\WINDOWS\system32\config\systemprofile\AppData\Local\Microsoft\WindowsApps;C:\Program Files\NVIDIA Corporation\NVIDIA NvDLISR;C:\Program Files (x86)\NVIDIA Corporation\PhysX\Common;C:\Program Files\Docker\Docker\resources\bin;C:\ProgramData\DockerDesktop\version-bin;C:\Users\Loris\AppData\Local\Programs\Python\Python39\Scripts\;C:\Users\Loris\AppData\Local\Programs\Python\Python39\;C:\Users\Loris\AppData\Local\Microsoft\WindowsApps;C:\Users\Loris\AppData\Local\Programs\Microsoft VS Code\bin;C:\Users\Loris\AppData\Local\GitHubDesktop\bin;C:\WINDOWS\System32;;."/>
    <property name="jdk.debug" value="release"/>
    <property name="java.class.version" value="59.0"/>
    <property name="java.specification.name" value="Java Platform API Specification"/>
    <property name="sun.management.compiler" value="HotSpot 64-Bit Tiered Compilers"/>
    <property name="os.version" value="10.0"/>
    <property name="user.home" value="C:\Users\Loris"/>
    <property name="user.timezone" value="Europe/Paris"/>
    <property name="file.encoding" value="Cp1252"/>
    <property name="java.specification.version" value="15"/>
    <property name="user.name" value="Loris"/>
    <property name="java.class.path" value="C:\Users\Loris\.p2\pool\plugins\org.eclipse.m2e.maven.runtime_1.16.0.20200610-1735\jars\plexus-classworlds-2.6.0.jar"/>
    <property name="java.vm.specification.version" value="15"/>
    <property name="sun.arch.data.model" value="64"/>
    <property name="sun.java.command" value="org.codehaus.plexus.classworlds.launcher.Launcher -B test"/>
    <property name="java.home" value="C:\Users\Loris\.p2\pool\plugins\org.eclipse.justj.openjdk.hotspot.jre.full.win32.x86_64_15.0.2.v20210201-0955\jre"/>
    <property name="user.language" value="fr"/>
    <property name="java.specification.vendor" value="Oracle Corporation"/>
    <property name="java.vm.info" value="mixed mode"/>
    <property name="java.version" value="15.0.2"/>
    <property name="java.vendor" value="Oracle Corporation"/>
    <property name="maven.home" value="D:\Desktop\UGA\Master Info - GI\M1\S8\devops\projet-devops\EMBEDDED"/>
    <property name="file.separator" value="\"/>
    <property name="java.version.date" value="2021-01-19"/>
    <property name="java.vendor.url.bug" value="https://bugreport.java.com/bugreport/"/>
    <property name="sun.io.unicode.encoding" value="UnicodeLittle"/>
    <property name="sun.cpu.endian" value="little"/>
    <property name="sun.cpu.isalist" value="amd64"/>
  </properties>
  <testcase classname="TestDataframe" name="testToStringFirstLines" time="0.009"/>
  <testcase classname="TestDataframe" name="testSelectionColonneNomInconnu" time="0"/>
  <testcase classname="TestDataframe" name="testgetMinEachCol" time="0"/>
  <testcase classname="TestDataframe" name="testSelectionElementsLigneNegatif" time="0"/>
  <testcase classname="TestDataframe" name="testMaxEachCol" time="0"/>
  <testcase classname="TestDataframe" name="testSelectionElementColonneTropGrand" time="0"/>
  <testcase classname="TestDataframe" name="testSelectionIndexNegatif" time="0"/>
  <testcase classname="TestDataframe" name="testMaxEachColVide" time="0"/>
  <testcase classname="TestDataframe" name="testSelectionLignesListeVide" time="0"/>
  <testcase classname="TestDataframe" name="testAjout" time="0"/>
  <testcase classname="TestDataframe" name="testIsInt" time="0"/>
  <testcase classname="TestDataframe" name="testSdAll" time="0.001"/>
  <testcase classname="TestDataframe" name="testSdCol" time="0"/>
  <testcase classname="TestDataframe" name="testToTab" time="0.011"/>
  <testcase classname="TestDataframe" name="testSelectionMasqueTailleDifferente" time="0"/>
  <testcase classname="TestDataframe" name="testAjoutTropGrand" time="0.099"/>
  <testcase classname="TestDataframe" name="testAjoutTropLarge" time="0.174"/>
  <testcase classname="TestDataframe" name="testToString" time="0"/>
  <testcase classname="TestDataframe" name="testSelection" time="0.001"/>
  <testcase classname="TestDataframe" name="testSelectionElementLigneNegatif" time="0"/>
  <testcase classname="TestDataframe" name="testSelectionLignesListeNulle" time="0"/>
  <testcase classname="TestDataframe" name="testMeanEachColVide" time="0"/>
  <testcase classname="TestDataframe" name="testMinEachColVide" time="0"/>
  <testcase classname="TestDataframe" name="testToStringLastLines" time="0.001"/>
  <testcase classname="TestDataframe" name="testGetName" time="0"/>
  <testcase classname="TestDataframe" name="testSelectionElementColonneNegatif" time="0"/>
  <testcase classname="TestDataframe" name="testMinColZero" time="0"/>
  <testcase classname="TestDataframe" name="testMeanColNeg" time="0"/>
  <testcase classname="TestDataframe" name="testMaxColNeg" time="0"/>
  <testcase classname="TestDataframe" name="testgetMaxSizeSeries" time="0"/>
  <testcase classname="TestDataframe" name="testSelectionElementsColonneNegatif" time="0"/>
  <testcase classname="TestDataframe" name="testSdColZero" time="0"/>
  <testcase classname="TestDataframe" name="testSdColNeg" time="0"/>
  <testcase classname="TestDataframe" name="testSelectionIndexTropGrand" time="0"/>
  <testcase classname="TestDataframe" name="testGroupBy" time="0.001"/>
  <testcase classname="TestDataframe" name="testSelectionColonnes" time="0.001"/>
  <testcase classname="TestDataframe" name="testIsDouble" time="0"/>
  <testcase classname="TestDataframe" name="testSelectionElementLigneTropGrand" time="0"/>
  <testcase classname="TestDataframe" name="testMeanColZero" time="0"/>
  <testcase classname="TestDataframe" name="testSelectionElementsLigneTropGrand" time="0"/>
  <testcase classname="TestDataframe" name="testDataframe" time="0"/>
  <testcase classname="TestDataframe" name="testSelectionElementsColonneNull" time="0.001"/>
  <testcase classname="TestDataframe" name="testSelectionElementsColonneVide" time="0"/>
  <testcase classname="TestDataframe" name="testMinColNeg" time="0"/>
  <testcase classname="TestDataframe" name="testSelectionColonne" time="0"/>
  <testcase classname="TestDataframe" name="testMeanAll" time="0"/>
  <testcase classname="TestDataframe" name="testMeanCol" time="0"/>
  <testcase classname="TestDataframe" name="testSelectionElements" time="0"/>
  <testcase classname="TestDataframe" name="testSelectionElementsColonneTropGrand" time="0"/>
  <testcase classname="TestDataframe" name="testSelectionLignesIndexNegatif" time="0"/>
  <testcase classname="TestDataframe" name="testSelectionLignesIndexTropGrand" time="0"/>
  <testcase classname="TestDataframe" name="testSelectionElementsLigneNull" time="0"/>
  <testcase classname="TestDataframe" name="testSelectionElementsLigneVide" time="0"/>
  <testcase classname="TestDataframe" name="testSelectionMasqueNull" time="0"/>
  <testcase classname="TestDataframe" name="testSelectionMasqueVide" time="0"/>
  <testcase classname="TestDataframe" name="testgetSdEachCol" time="0.001"/>
  <testcase classname="TestDataframe" name="testMaxColZero" time="0"/>
  <testcase classname="TestDataframe" name="testSelectionColonnesNomInconnu" time="0"/>
  <testcase classname="TestDataframe" name="testSelectionColonnesListNull" time="0"/>
  <testcase classname="TestDataframe" name="testSelectionColonnesListVide" time="0"/>
  <testcase classname="TestDataframe" name="testMaxAll" time="0"/>
  <testcase classname="TestDataframe" name="testMaxCol" time="0"/>
  <testcase classname="TestDataframe" name="testMinAll" time="0"/>
  <testcase classname="TestDataframe" name="testMinCol" time="0"/>
  <testcase classname="TestDataframe" name="testMeanEachCol" time="0"/>
  <testcase classname="TestDataframe" name="testSelectionParObjet" time="0.002"/>
  <testcase classname="TestDataframe" name="testSdEachColVide" time="0"/>
  <testcase classname="TestDataframe" name="testSelectionLignes" time="0"/>
  <testcase classname="TestDataframe" name="testSelectionMasque" time="0"/>
  <testcase classname="TestDataframe" name="testSelectionElement" time="0"/>
</testsuite>