<?xml version="1.0" encoding="UTF-8"?>
<testsuite xmlns:xsi="http://www.w3.org/2001/XMLSchema-instance" xsi:noNamespaceSchemaLocation="https://maven.apache.org/surefire/maven-surefire-plugin/xsd/surefire-test-report.xsd" name="TestDataframe" time="0.127" tests="24" errors="0" skipped="0" failures="0">
  <properties>
    <property name="java.specification.version" value="14"/>
    <property name="sun.cpu.isalist" value="amd64"/>
    <property name="sun.jnu.encoding" value="Cp1252"/>
    <property name="java.class.path" value="C:\Users\Melinda\Downloads\ProjetDevOps-feature-statistique\target\test-classes;C:\Users\Melinda\Downloads\ProjetDevOps-feature-statistique\target\classes;C:\Users\Melinda\.m2\repository\junit\junit\4.13\junit-4.13.jar;C:\Users\Melinda\.m2\repository\org\hamcrest\hamcrest-core\1.3\hamcrest-core-1.3.jar;"/>
    <property name="java.vm.vendor" value="Oracle Corporation"/>
    <property name="sun.arch.data.model" value="64"/>
    <property name="user.variant" value=""/>
    <property name="java.vendor.url" value="https://java.oracle.com/"/>
    <property name="user.timezone" value="Europe/Paris"/>
    <property name="os.name" value="Windows 10"/>
    <property name="java.vm.specification.version" value="14"/>
    <property name="sun.java.launcher" value="SUN_STANDARD"/>
    <property name="user.country" value="FR"/>
    <property name="sun.boot.library.path" value="C:\Users\Melinda\.p2\pool\plugins\org.eclipse.justj.openjdk.hotspot.jre.full.win32.x86_64_14.0.2.v20200815-0932\jre\bin"/>
    <property name="sun.java.command" value="C:\Users\Melinda\AppData\Local\Temp\surefire10707644219204907501\surefirebooter10828356984548903578.jar C:\Users\Melinda\AppData\Local\Temp\surefire10707644219204907501 2021-04-28T17-04-19_607-jvmRun1 surefire8628360736490556297tmp surefire_0629348532728106399tmp"/>
    <property name="jdk.debug" value="release"/>
    <property name="surefire.test.class.path" value="C:\Users\Melinda\Downloads\ProjetDevOps-feature-statistique\target\test-classes;C:\Users\Melinda\Downloads\ProjetDevOps-feature-statistique\target\classes;C:\Users\Melinda\.m2\repository\junit\junit\4.13\junit-4.13.jar;C:\Users\Melinda\.m2\repository\org\hamcrest\hamcrest-core\1.3\hamcrest-core-1.3.jar;"/>
    <property name="sun.cpu.endian" value="little"/>
    <property name="user.home" value="C:\Users\Melinda"/>
    <property name="user.language" value="fr"/>
    <property name="java.specification.vendor" value="Oracle Corporation"/>
    <property name="java.version.date" value="2020-07-14"/>
    <property name="java.home" value="C:\Users\Melinda\.p2\pool\plugins\org.eclipse.justj.openjdk.hotspot.jre.full.win32.x86_64_14.0.2.v20200815-0932\jre"/>
    <property name="file.separator" value="\"/>
    <property name="basedir" value="C:\Users\Melinda\Downloads\ProjetDevOps-feature-statistique"/>
    <property name="java.vm.compressedOopsMode" value="32-bit"/>
    <property name="line.separator" value="&#10;"/>
    <property name="java.vm.specification.vendor" value="Oracle Corporation"/>
    <property name="java.specification.name" value="Java Platform API Specification"/>
    <property name="surefire.real.class.path" value="C:\Users\Melinda\AppData\Local\Temp\surefire10707644219204907501\surefirebooter10828356984548903578.jar"/>
    <property name="user.script" value=""/>
    <property name="sun.management.compiler" value="HotSpot 64-Bit Tiered Compilers"/>
    <property name="java.runtime.version" value="14.0.2+12-46"/>
    <property name="user.name" value="Melinda"/>
    <property name="path.separator" value=";"/>
    <property name="os.version" value="10.0"/>
    <property name="java.runtime.name" value="OpenJDK Runtime Environment"/>
    <property name="file.encoding" value="Cp1252"/>
    <property name="java.vm.name" value="OpenJDK 64-Bit Server VM"/>
    <property name="localRepository" value="C:\Users\Melinda\.m2\repository"/>
    <property name="java.vendor.url.bug" value="https://bugreport.java.com/bugreport/"/>
    <property name="java.io.tmpdir" value="C:\Users\Melinda\AppData\Local\Temp\"/>
    <property name="java.version" value="14.0.2"/>
    <property name="user.dir" value="C:\Users\Melinda\Downloads\ProjetDevOps-feature-statistique"/>
    <property name="os.arch" value="amd64"/>
    <property name="java.vm.specification.name" value="Java Virtual Machine Specification"/>
    <property name="sun.os.patch.level" value=""/>
    <property name="java.library.path" value="C:\Users\Melinda\.p2\pool\plugins\org.eclipse.justj.openjdk.hotspot.jre.full.win32.x86_64_14.0.2.v20200815-0932\jre\bin;C:\WINDOWS\Sun\Java\bin;C:\WINDOWS\system32;C:\WINDOWS;C:/Users/Melinda/.p2/pool/plugins/org.eclipse.justj.openjdk.hotspot.jre.full.win32.x86_64_14.0.2.v20200815-0932/jre/bin/server;C:/Users/Melinda/.p2/pool/plugins/org.eclipse.justj.openjdk.hotspot.jre.full.win32.x86_64_14.0.2.v20200815-0932/jre/bin;C:\Program Files (x86)\NVIDIA Corporation\PhysX\Common;C:\Program Files (x86)\Common Files\Oracle\Java\javapath;C:\WINDOWS\system32;C:\WINDOWS;C:\WINDOWS\System32\Wbem;C:\WINDOWS\System32\WindowsPowerShell\v1.0\;C:\WINDOWS\System32\OpenSSH\;C:\Program Files (x86)\Microsoft SQL Server\80\Tools\Binn\;C:\Users\Melinda\AppData\Local\Microsoft\WindowsApps;C:\Users\Melinda\AppData\Local\Programs\Microsoft VS Code\bin;C:\Users\Melinda\AppData\Local\gnupg\bin;C:\Users\Melinda\AppData\Local\Gpg4win\..\GnuPG\bin;C:\Users\Melinda\AppData\Local\GitHubDesktop\bin;C:\Users\Melinda\AppData\Local\atom\bin;C:\Users\Melinda\AppData\Local\Google\Cloud SDK\google-cloud-sdk\bin;F:\eclipse-workspace\java-2020-09\eclipse;;."/>
    <property name="java.vm.info" value="mixed mode"/>
    <property name="java.vendor" value="Oracle Corporation"/>
    <property name="java.vm.version" value="14.0.2+12-46"/>
    <property name="sun.io.unicode.encoding" value="UnicodeLittle"/>
    <property name="java.class.version" value="58.0"/>
  </properties>
  <testcase name="testgetMinEachCol" classname="TestDataframe" time="0.048"/>
  <testcase name="testMaxEachCol" classname="TestDataframe" time="0"/>
  <testcase name="testMaxEachColVide" classname="TestDataframe" time="0"/>
  <testcase name="testSdAll" classname="TestDataframe" time="0.001"/>
  <testcase name="testSdCol" classname="TestDataframe" time="0"/>
  <testcase name="testMeanEachColVide" classname="TestDataframe" time="0"/>
  <testcase name="testMinEachColVide" classname="TestDataframe" time="0"/>
  <testcase name="testMinColZero" classname="TestDataframe" time="0"/>
  <testcase name="testMeanColNeg" classname="TestDataframe" time="0"/>
  <testcase name="testMaxColNeg" classname="TestDataframe" time="0"/>
  <testcase name="testSdColZero" classname="TestDataframe" time="0"/>
  <testcase name="testSdColNeg" classname="TestDataframe" time="0"/>
  <testcase name="testMeanColZero" classname="TestDataframe" time="0"/>
  <testcase name="testMinColNeg" classname="TestDataframe" time="0"/>
  <testcase name="testMeanAll" classname="TestDataframe" time="0"/>
  <testcase name="testMeanCol" classname="TestDataframe" time="0"/>
  <testcase name="testgetSdEachCol" classname="TestDataframe" time="0"/>
  <testcase name="testMaxColZero" classname="TestDataframe" time="0"/>
  <testcase name="testMaxAll" classname="TestDataframe" time="0.001"/>
  <testcase name="testMaxCol" classname="TestDataframe" time="0"/>
  <testcase name="testMinAll" classname="TestDataframe" time="0"/>
  <testcase name="testMinCol" classname="TestDataframe" time="0"/>
  <testcase name="testMeanEachCol" classname="TestDataframe" time="0.001"/>
  <testcase name="testSdEachColVide" classname="TestDataframe" time="0"/>
</testsuite>